
> visdomwaves-website@1.0.0 build
> vite build

[36mvite v7.2.6 [32mbuilding client environment for production...[36m[39m
transforming...
[32m✓[39m 215 modules transformed.
[31m✗[39m Build failed in 16.45s
[31merror during build:
[31msrc/views/pages/Blog.jsx (3:9): "getAllPosts" is not exported by "src/config/data/blogPosts.js", imported by "src/views/pages/Blog.jsx".[31m
file: [36mK:/visdom-waves/visdom-waves/visdomwaves-website/src/views/pages/Blog.jsx:3:9[31m
[33m
1: import React, { useEffect, useState } from "react";
2: import { Link } from "react-router-dom";
3: import { getAllPosts } from "@/config/data/blogPosts";
            ^
4: import { FiClock, FiUser, FiTag, FiArrowRight } from "react-icons/fi";
[31m
    at getRollupError (file:///K:/visdom-waves/visdom-waves/visdomwaves-website/node_modules/rollup/dist/es/shared/parseAst.js:401:41)
    at error (file:///K:/visdom-waves/visdom-waves/visdomwaves-website/node_modules/rollup/dist/es/shared/parseAst.js:397:42)
    at Module.error (file:///K:/visdom-waves/visdom-waves/visdomwaves-website/node_modules/rollup/dist/es/shared/node-entry.js:16956:16)
    at Module.traceVariable (file:///K:/visdom-waves/visdom-waves/visdomwaves-website/node_modules/rollup/dist/es/shared/node-entry.js:17412:29)
    at ModuleScope.findVariable (file:///K:/visdom-waves/visdom-waves/visdomwaves-website/node_modules/rollup/dist/es/shared/node-entry.js:15076:39)
    at FunctionScope.findVariable (file:///K:/visdom-waves/visdom-waves/visdomwaves-website/node_modules/rollup/dist/es/shared/node-entry.js:5649:38)
    at FunctionBodyScope.findVariable (file:///K:/visdom-waves/visdom-waves/visdomwaves-website/node_modules/rollup/dist/es/shared/node-entry.js:5649:38)
    at ReturnValueScope.findVariable (file:///K:/visdom-waves/visdom-waves/visdomwaves-website/node_modules/rollup/dist/es/shared/node-entry.js:5649:38)
    at FunctionBodyScope.findVariable (file:///K:/visdom-waves/visdom-waves/visdomwaves-website/node_modules/rollup/dist/es/shared/node-entry.js:5649:38)
    at ReturnValueScope.findVariable (file:///K:/visdom-waves/visdom-waves/visdomwaves-website/node_modules/rollup/dist/es/shared/node-entry.js:5649:38)[39m
